dragon
konsole
ark
kate
baloo-widgets
ffmpegthumbs
signon-kwallet-extension
libkexiv2
kaccounts-integration
kaccounts-providers
libkdcraw
gwenview
kio-extras
dolphin
kcalc
elisa
yakuake
filelight
kpmcore
partitionmanager
akonadi
grantleetheme
kmime
akonadi-contacts
akonadi-mime
akonadi-search
kpimtextedit
kidentitymanagement
ksmtp
libkgapi
kmailtransport
kmbox
libgravatar
libkdepim
libkleo
kimap
kldap
pimcommon
messagelib
kcalutils
akonadi-calendar
mailimporter
mailcommon
mimetreeparser
merkuro
kclock
kdepim-runtime
kunifiedpush
neochat
akonadi-import-wizard
kontactinterface
kaddressbook
kalk
libksieve
ktnef
kwalletmanager
kdegraphics-mobipocket
kpkpass
kitinerary
calendarsupport
eventviews
incidenceeditor
okular
kdegraphics-thumbnailers
kdepim-addons
kio-gdrive
kdeconnect
konversation
kmag
kjournald
kio-admin
krdc
ksanecore
libksane
skanlite
akonadiconsole
qrca
