kactivitymanagerd
kdecoration
aurorae
breeze
kglobalacceld
knighttime
kpipewire
plasma-activities
plasma-activities-stats
libplasma
libkscreen
libksysguard
plasma5support
kscreen
kscreenlocker
ksystemstats
kwayland
layer-shell-qt
sddm-kcm
polkit-kde-agent
kwin
xdg-desktop-portal-kde
plasma-integration
plasma-workspace
systemsettings
powerdevil
plasma-desktop
ocean-sound-theme
kinfocenter
spectacle
plasma-nm
plasma-pa
bluedevil
kwallet-pam
kmenuedit
plasma-disks
plasma-thunderbolt
print-manager
krdp
drkonqi
breeze-gtk-theme
flatpak-kcm
milou
kde-cli-tools
kde-gtk-config
kdeplasma-addons
plasma-browser-integration
discover
ksshaskpass
kwrited
plasma-workspace-wallpapers
plasma-systemmonitor
plasma-welcome
plymouth-kcm
plasma-login-manager
plasma-keyboard
plasma-vault
